Arguments: 
  C:\Program Files\nodejs\node.exe C:\Program Files (x86)\Yarn\bin\yarn.js add react-native-pod

PATH: 
  C:\Python27\;C:\Python27\Scripts;C:\Program Files (x86)\Intel\iCLS Client\;C:\Program Files\Intel\iCLS Client\;C:\WINDOWS\system32;C:\WINDOWS;C:\WINDOWS\System32\Wbem;C:\WINDOWS\System32\WindowsPowerShell\v1.0\;C:\Program Files (x86)\Intel\Intel(R) Management Engine Components\DAL;C:\Program Files\Intel\Intel(R) Management Engine Components\DAL;C:\Program Files (x86)\Intel\Intel(R) Management Engine Components\IPT;C:\Program Files\Intel\Intel(R) Management Engine Components\IPT;C:\Program Files\Git\cmd;C:\Python364;C:\WINDOWS\System32\OpenSSH\;C:\chromedriver_win32\chromedriver.exe;C:\Program Files (x86)\PharosSystems\Core;C:\ProgramData\chocolatey\bin;C:\Program Files\Intel\WiFi\bin\;C:\Program Files\Common Files\Intel\WirelessCommon\;C:\Program Files\bash.exe;C:\Program Files (x86)\Yarn\bin\;C:\Program Files\nodejs\;C:\Ruby26-x64\bin;C:\Users\Drew Deister\AppData\Local\Programs\Python\Python36-32\Scripts\;C:\Users\Drew Deister\AppData\Local\Programs\Python\Python36-32\;C:\Users\Drew Deister\AppData\Local\Microsoft\WindowsApps;C:\Users\Drew Deister\AppData\Local\Google\Cloud SDK\google-cloud-sdk\bin;C:\Program Files\Heroku\bin;C:\Python364;C:\Users\Drew Deister\Downloads\chromedriver_win32;C:\chromedriver_win32\chromedriver.exe;C:\Program Files\JetBrains\CLion 2019.2.1\bin;C:\Program Files\bash.exe;C:\Users\Drew Deister\AppData\Local\Yarn\bin;C:\Users\Drew Deister\AppData\Roaming\npm;C:\Users\Drew Deister\AppData\Local\GitHubDesktop\bin;C:\Users\Drew Deister\AppData\Local\Programs\Microsoft VS Code\bin

Yarn version: 
  1.19.1

Node version: 
  12.10.0

Platform: 
  win32 x64

Trace: 
  Error: EPERM: operation not permitted, unlink 'C:\Users\Drew Deister\Documents\GitHub\CarbonCounterRepo\ClimateChangeApp\node_modules\@babel\generator\node_modules\.bin'

npm manifest: 
  {
    "main": "node_modules/expo/AppEntry.js",
    "scripts": {
      "start": "expo start",
      "android": "expo start --android",
      "ios": "expo start --ios",
      "web": "expo start --web",
      "eject": "expo eject"
    },
    "dependencies": {
      "@react-native-community/async-storage": "^1.7.1",
      "expo": "^35.0.0",
      "expo-av": "^7.0.1",
      "expo-secure-store": "^7.0.0",
      "lodash": "^4.17.15",
      "lodash.debounce": "^4.0.8",
      "native-base": "^2.13.8",
      "prop-types": "^15.7.2",
      "react": "16.8.3",
      "react-dom": "16.8.3",
      "react-native": "https://github.com/expo/react-native/archive/sdk-35.0.0.tar.gz",
      "react-native-elements": "^1.2.7",
      "react-native-gesture-handler": "^1.6.0",
      "react-native-maps": "^0.25.0",
      "react-native-paper": "^3.6.0",
      "react-native-reanimated": "^1.7.0",
      "react-native-responsive-screen": "^1.3.0",
      "react-native-screens": "^2.2.0",
      "react-native-web": "^0.11.7",
      "react-navigation": "^4.0.10",
      "react-navigation-stack": "^1.10.3"
    },
    "devDependencies": {
      "babel-preset-expo": "^7.1.0"
    },
    "private": true
  }

yarn manifest: 
  No manifest

Lockfile: 
  No lockfile
